<?xml version="1.0" encoding="UTF-8"?>
<!-- Generated by org.testng.reporters.JUnitReportReporter -->
<testsuite hostname="Mukilsai" failures="0" tests="9" name="TestRunner.TestNGRunner" time="6.302" errors="0" timestamp="2024-06-30T11:34:55 EDT" skipped="0">
  <testcase classname="TestRunner.TestNGRunner" name="runScenario" time="2.281"/>
  <testcase classname="TestRunner.TestNGRunner" name="runScenario" time="2.376"/>
  <testcase classname="TestRunner.TestNGRunner" name="runScenario" time="0.228"/>
  <testcase classname="TestRunner.TestNGRunner" name="runScenario" time="0.288"/>
  <testcase classname="TestRunner.TestNGRunner" name="runScenario" time="0.193"/>
  <testcase classname="TestRunner.TestNGRunner" name="runScenario" time="0.129"/>
  <testcase classname="TestRunner.TestNGRunner" name="runScenario" time="0.115"/>
  <testcase classname="TestRunner.TestNGRunner" name="runScenario" time="0.488"/>
  <testcase classname="TestRunner.TestNGRunner" name="runScenario" time="0.204"/>
</testsuite> <!-- TestRunner.TestNGRunner -->
